time=2026-03-09T20:41:53.054+03:00 level=INFO msg="dag-run retry started" dag=Job_Tracker_Pipeline dagRunId=019cd3b0-bdf3-7f24-9d79-96cf7c547914 name=Job_Tracker_Pipeline dagRunId=019cd3b0-bdf3-7f24-9d79-96cf7c547914 attemptID=14c1a2 retryTargetAttemptID=154b57
time=2026-03-09T20:41:53.059+03:00 level=INFO msg="Step started" dag=Job_Tracker_Pipeline dagRunId=019cd3b0-bdf3-7f24-9d79-96cf7c547914 step=Extraction_APEC
time=2026-03-09T20:41:53.072+03:00 level=INFO msg="Step finished" dag=Job_Tracker_Pipeline dagRunId=019cd3b0-bdf3-7f24-9d79-96cf7c547914 step=Extraction_APEC status=running
time=2026-03-09T20:41:53.123+03:00 level=INFO msg="Step finished" dag=Job_Tracker_Pipeline dagRunId=019cd3b0-bdf3-7f24-9d79-96cf7c547914 step=Extraction_APEC status=failed
time=2026-03-09T20:41:53.274+03:00 level=INFO msg="dag-run finished" dag=Job_Tracker_Pipeline dagRunId=019cd3b0-bdf3-7f24-9d79-96cf7c547914 name=Job_Tracker_Pipeline dagRunId=019cd3b0-bdf3-7f24-9d79-96cf7c547914 attemptID=14c1a2 status=failed startedAt=2026-03-09T20:41:53+03:00 finishedAt=2026-03-09T20:41:53+03:00
time=2026-03-09T20:41:53.333+03:00 level=ERROR msg="Failed to execute dag-run" dag=Job_Tracker_Pipeline dagRunId=019cd3b0-bdf3-7f24-9d79-96cf7c547914 err="failed to execute step \"Extraction_APEC\": exit status 2"
time=2026-03-09T20:41:54.523+03:00 level=INFO msg="dag-run retry started" dag=Job_Tracker_Pipeline dagRunId=019cd3b0-bdf3-7f24-9d79-96cf7c547914 name=Job_Tracker_Pipeline dagRunId=019cd3b0-bdf3-7f24-9d79-96cf7c547914 attemptID=8518b1 retryTargetAttemptID=14c1a2
time=2026-03-09T20:41:54.528+03:00 level=INFO msg="Step started" dag=Job_Tracker_Pipeline dagRunId=019cd3b0-bdf3-7f24-9d79-96cf7c547914 step=Extraction_APEC
time=2026-03-09T20:41:54.540+03:00 level=INFO msg="Step finished" dag=Job_Tracker_Pipeline dagRunId=019cd3b0-bdf3-7f24-9d79-96cf7c547914 step=Extraction_APEC status=running
time=2026-03-09T20:41:54.597+03:00 level=INFO msg="Step finished" dag=Job_Tracker_Pipeline dagRunId=019cd3b0-bdf3-7f24-9d79-96cf7c547914 step=Extraction_APEC status=failed
time=2026-03-09T20:41:54.639+03:00 level=INFO msg="dag-run finished" dag=Job_Tracker_Pipeline dagRunId=019cd3b0-bdf3-7f24-9d79-96cf7c547914 name=Job_Tracker_Pipeline dagRunId=019cd3b0-bdf3-7f24-9d79-96cf7c547914 attemptID=8518b1 status=failed startedAt=2026-03-09T20:41:54+03:00 finishedAt=2026-03-09T20:41:54+03:00
time=2026-03-09T20:41:54.694+03:00 level=ERROR msg="Failed to execute dag-run" dag=Job_Tracker_Pipeline dagRunId=019cd3b0-bdf3-7f24-9d79-96cf7c547914 err="failed to execute step \"Extraction_APEC\": exit status 2"
time=2026-03-09T20:46:54.183+03:00 level=INFO msg="dag-run retry started" dag=Job_Tracker_Pipeline dagRunId=019cd3b0-bdf3-7f24-9d79-96cf7c547914 name=Job_Tracker_Pipeline dagRunId=019cd3b0-bdf3-7f24-9d79-96cf7c547914 attemptID=e206ab retryTargetAttemptID=8518b1
time=2026-03-09T20:46:54.188+03:00 level=INFO msg="Step started" dag=Job_Tracker_Pipeline dagRunId=019cd3b0-bdf3-7f24-9d79-96cf7c547914 step=Extraction_APEC
time=2026-03-09T20:46:54.200+03:00 level=INFO msg="Step finished" dag=Job_Tracker_Pipeline dagRunId=019cd3b0-bdf3-7f24-9d79-96cf7c547914 step=Extraction_APEC status=running
time=2026-03-09T20:46:54.252+03:00 level=INFO msg="Step finished" dag=Job_Tracker_Pipeline dagRunId=019cd3b0-bdf3-7f24-9d79-96cf7c547914 step=Extraction_APEC status=failed
time=2026-03-09T20:46:54.300+03:00 level=INFO msg="dag-run finished" dag=Job_Tracker_Pipeline dagRunId=019cd3b0-bdf3-7f24-9d79-96cf7c547914 name=Job_Tracker_Pipeline dagRunId=019cd3b0-bdf3-7f24-9d79-96cf7c547914 attemptID=e206ab status=failed startedAt=2026-03-09T20:46:54+03:00 finishedAt=2026-03-09T20:46:54+03:00
time=2026-03-09T20:46:54.356+03:00 level=ERROR msg="Failed to execute dag-run" dag=Job_Tracker_Pipeline dagRunId=019cd3b0-bdf3-7f24-9d79-96cf7c547914 err="failed to execute step \"Extraction_APEC\": exit status 2"
time=2026-03-09T20:50:19.757+03:00 level=INFO msg="dag-run retry started" dag=Job_Tracker_Pipeline dagRunId=019cd3b0-bdf3-7f24-9d79-96cf7c547914 name=Job_Tracker_Pipeline dagRunId=019cd3b0-bdf3-7f24-9d79-96cf7c547914 attemptID=9f528d retryTargetAttemptID=e206ab
time=2026-03-09T20:50:19.762+03:00 level=INFO msg="Step started" dag=Job_Tracker_Pipeline dagRunId=019cd3b0-bdf3-7f24-9d79-96cf7c547914 step=Extraction_APEC
time=2026-03-09T20:50:19.774+03:00 level=INFO msg="Step finished" dag=Job_Tracker_Pipeline dagRunId=019cd3b0-bdf3-7f24-9d79-96cf7c547914 step=Extraction_APEC status=running
time=2026-03-09T20:50:19.890+03:00 level=INFO msg="Step finished" dag=Job_Tracker_Pipeline dagRunId=019cd3b0-bdf3-7f24-9d79-96cf7c547914 step=Extraction_APEC status=failed
time=2026-03-09T20:50:19.975+03:00 level=INFO msg="dag-run finished" dag=Job_Tracker_Pipeline dagRunId=019cd3b0-bdf3-7f24-9d79-96cf7c547914 name=Job_Tracker_Pipeline dagRunId=019cd3b0-bdf3-7f24-9d79-96cf7c547914 attemptID=9f528d status=failed startedAt=2026-03-09T20:50:19+03:00 finishedAt=2026-03-09T20:50:19+03:00
time=2026-03-09T20:50:20.038+03:00 level=ERROR msg="Failed to execute dag-run" dag=Job_Tracker_Pipeline dagRunId=019cd3b0-bdf3-7f24-9d79-96cf7c547914 err="failed to execute step \"Extraction_APEC\": exit status 1"
